d:\collabresearch\project\test\featureextraction\featureextraction\x64\release\featureextraction.pch
d:\collabresearch\project\test\featureextraction\featureextraction\x64\release\vc141.pdb
d:\collabresearch\project\test\featureextraction\featureextraction\x64\release\stdafx.obj
d:\collabresearch\project\test\featureextraction\featureextraction\x64\release\featureextraction.obj
d:\collabresearch\project\test\featureextraction\featureextraction\x64\release\dehaze.obj
d:\collabresearch\project\test\featureextraction\x64\release\featureextraction.ipdb
d:\collabresearch\project\test\featureextraction\x64\release\featureextraction.iobj
d:\collabresearch\project\test\featureextraction\x64\release\featureextraction.exe
d:\collabresearch\project\test\featureextraction\x64\release\featureextraction.pdb
d:\collabresearch\project\test\featureextraction\featureextraction\x64\release\featureextraction.res
d:\collabresearch\project\test\featureextraction\featureextraction\x64\release\featuree.c704f628.tlog\cl.command.1.tlog
d:\collabresearch\project\test\featureextraction\featureextraction\x64\release\featuree.c704f628.tlog\cl.read.1.tlog
d:\collabresearch\project\test\featureextraction\featureextraction\x64\release\featuree.c704f628.tlog\cl.write.1.tlog
d:\collabresearch\project\test\featureextraction\featureextraction\x64\release\featuree.c704f628.tlog\featureextraction.write.1u.tlog
d:\collabresearch\project\test\featureextraction\featureextraction\x64\release\featuree.c704f628.tlog\link.command.1.tlog
d:\collabresearch\project\test\featureextraction\featureextraction\x64\release\featuree.c704f628.tlog\link.read.1.tlog
d:\collabresearch\project\test\featureextraction\featureextraction\x64\release\featuree.c704f628.tlog\link.write.1.tlog
d:\collabresearch\project\test\featureextraction\featureextraction\x64\release\featuree.c704f628.tlog\rc.command.1.tlog
d:\collabresearch\project\test\featureextraction\featureextraction\x64\release\featuree.c704f628.tlog\rc.read.1.tlog
d:\collabresearch\project\test\featureextraction\featureextraction\x64\release\featuree.c704f628.tlog\rc.write.1.tlog
