  FeatureExtraction.cpp
d:\collabresearch\project\test\featureextraction\featureextraction\featureextraction.cpp(297): warning C4244: '*=': conversion from 'double' to 'float', possible loss of data
d:\collabresearch\project\test\featureextraction\featureextraction\featureextraction.cpp(301): warning C4244: 'argument': conversion from 'double' to 'const unsigned __int64', possible loss of data
d:\collabresearch\project\test\featureextraction\featureextraction\featureextraction.cpp(306): warning C4244: 'argument': conversion from 'double' to 'const unsigned __int64', possible loss of data
d:\collabresearch\project\test\featureextraction\featureextraction\featureextraction.cpp(311): warning C4244: 'initializing': conversion from 'double' to 'float', possible loss of data
d:\collabresearch\project\test\featureextraction\featureextraction\featureextraction.cpp(314): warning C4244: '=': conversion from 'double' to 'float', possible loss of data
d:\collabresearch\project\test\featureextraction\featureextraction\featureextraction.cpp(393): warning C4244: 'return': conversion from 'double' to 'int', possible loss of data
d:\collabresearch\project\test\featureextraction\featureextraction\featureextraction.cpp(1108): warning C4244: '-=': conversion from 'double' to 'int', possible loss of data
d:\collabresearch\project\test\featureextraction\featureextraction\featureextraction.cpp(1191): warning C4244: 'initializing': conversion from 'double' to 'float', possible loss of data
d:\collabresearch\project\test\featureextraction\featureextraction\featureextraction.cpp(1194): warning C4244: 'initializing': conversion from 'double' to 'float', possible loss of data
d:\collabresearch\project\test\featureextraction\featureextraction\featureextraction.cpp(1198): warning C4244: 'initializing': conversion from 'double' to 'float', possible loss of data
d:\collabresearch\project\test\featureextraction\featureextraction\featureextraction.cpp(1201): warning C4244: 'initializing': conversion from 'double' to 'float', possible loss of data
d:\collabresearch\project\test\featureextraction\featureextraction\featureextraction.cpp(1204): warning C4244: 'initializing': conversion from 'double' to 'float', possible loss of data
d:\collabresearch\project\test\featureextraction\featureextraction\featureextraction.cpp(1207): warning C4244: 'initializing': conversion from 'double' to 'float', possible loss of data
d:\collabresearch\project\test\featureextraction\featureextraction\featureextraction.cpp(1210): warning C4244: 'initializing': conversion from 'double' to 'float', possible loss of data
d:\collabresearch\project\test\featureextraction\featureextraction\featureextraction.cpp(1213): warning C4244: 'initializing': conversion from 'double' to 'float', possible loss of data
d:\collabresearch\project\test\featureextraction\featureextraction\featureextraction.cpp(1494): warning C4244: '=': conversion from 'double' to 'int', possible loss of data
d:\collabresearch\project\test\featureextraction\featureextraction\featureextraction.cpp(1578): warning C4244: '=': conversion from 'float' to 'int', possible loss of data
d:\collabresearch\project\test\featureextraction\featureextraction\featureextraction.cpp(1784): warning C4244: '=': conversion from 'int' to 'float', possible loss of data
d:\collabresearch\project\test\featureextraction\featureextraction\featureextraction.cpp(1785): warning C4244: '=': conversion from 'int' to 'float', possible loss of data
d:\collabresearch\project\test\featureextraction\featureextraction\featureextraction.cpp(1791): warning C4244: '=': conversion from 'float' to 'int', possible loss of data
d:\collabresearch\project\test\featureextraction\featureextraction\featureextraction.cpp(1792): warning C4244: '=': conversion from 'float' to 'int', possible loss of data
d:\collabresearch\project\test\featureextraction\featureextraction\featureextraction.cpp(1911): warning C4244: 'initializing': conversion from 'double' to 'int', possible loss of data
d:\collabresearch\project\test\featureextraction\featureextraction\featureextraction.cpp(1913): warning C4244: 'initializing': conversion from 'double' to 'int', possible loss of data
d:\collabresearch\project\test\featureextraction\featureextraction\featureextraction.cpp(2267): warning C4244: 'initializing': conversion from 'double' to 'int', possible loss of data
d:\collabresearch\project\test\featureextraction\featureextraction\featureextraction.cpp(2269): warning C4244: 'initializing': conversion from 'double' to 'int', possible loss of data
d:\collabresearch\project\test\featureextraction\featureextraction\featureextraction.cpp(2402): warning C4244: '=': conversion from 'double' to 'int', possible loss of data
LINK : warning LNK4075: ignoring '/INCREMENTAL' due to '/LTCG' specification
  Generating code
  0 of 646 functions ( 0.0%) were compiled, the rest were copied from previous compilation.
    0 functions were new in current compilation
    0 functions had inline decision re-evaluated but remain unchanged
  Finished generating code
  FeatureExtraction.vcxproj -> D:\collabresearch\Project\Test\FeatureExtraction\x64\Release\FeatureExtraction.exe
